[debug] [2024-08-19T22:44:39.359Z] ----------------------------------------------------------------------
[debug] [2024-08-19T22:44:39.362Z] Command:       C:\Program Files\nodejs\node.exe C:\Users\Hemanth\AppData\Roaming\npm\node_modules\firebase-tools\lib\bin\firebase.js init
[debug] [2024-08-19T22:44:39.363Z] CLI Version:   13.15.2
[debug] [2024-08-19T22:44:39.363Z] Platform:      win32
[debug] [2024-08-19T22:44:39.363Z] Node Version:  v20.15.0
[debug] [2024-08-19T22:44:39.363Z] Time:          Mon Aug 19 2024 17:44:39 GMT-0500 (Central Daylight Time)
[debug] [2024-08-19T22:44:39.363Z] ----------------------------------------------------------------------
[debug] 
[debug] [2024-08-19T22:44:39.373Z] > command requires scopes: ["email","openid","https://www.googleapis.com/auth/cloudplatformprojects.readonly","https://www.googleapis.com/auth/firebase","https://www.googleapis.com/auth/cloud-platform"]
[debug] [2024-08-19T22:44:39.374Z] > authorizing via signed-in user (hemanthse7en@gmail.com)
[info] 
     ######## #### ########  ######## ########     ###     ######  ########
     ##        ##  ##     ## ##       ##     ##  ##   ##  ##       ##
     ######    ##  ########  ######   ########  #########  ######  ######
     ##        ##  ##    ##  ##       ##     ## ##     ##       ## ##
     ##       #### ##     ## ######## ########  ##     ##  ######  ########

You're about to initialize a Firebase project in this directory:

  E:\React\best-lines-of-books

[info] 
=== Project Setup
[info] 
[info] First, let's associate this project directory with a Firebase project.
[info] You can create multiple project aliases by running firebase use --add, 
[info] but for now we'll just set up a default project.
[info] 
[debug] [2024-08-19T22:45:07.089Z] > refreshing access token with scopes: []
[debug] [2024-08-19T22:45:07.094Z] >>> [apiv2][query] POST https://www.googleapis.com/oauth2/v3/token [none]
[debug] [2024-08-19T22:45:07.094Z] >>> [apiv2][body] POST https://www.googleapis.com/oauth2/v3/token [omitted]
[debug] [2024-08-19T22:45:07.385Z] <<< [apiv2][status] POST https://www.googleapis.com/oauth2/v3/token 200
[debug] [2024-08-19T22:45:07.385Z] <<< [apiv2][body] POST https://www.googleapis.com/oauth2/v3/token [omitted]
[debug] [2024-08-19T22:45:07.401Z] >>> [apiv2][query] GET https://firebase.googleapis.com/v1beta1/projects pageSize=100
[debug] [2024-08-19T22:45:07.985Z] <<< [apiv2][status] GET https://firebase.googleapis.com/v1beta1/projects 200
[debug] [2024-08-19T22:45:07.986Z] <<< [apiv2][body] GET https://firebase.googleapis.com/v1beta1/projects [omitted]
[info] i  Using project bestlinesofbooksproject (bestlinesofbooksproject) 
[info] 
=== Hosting Setup
[debug] [2024-08-19T22:45:23.391Z] >>> [apiv2][query] GET https://firebase.googleapis.com/v1beta1/projects/bestlinesofbooksproject [none]
[debug] [2024-08-19T22:45:23.645Z] <<< [apiv2][status] GET https://firebase.googleapis.com/v1beta1/projects/bestlinesofbooksproject 200
[debug] [2024-08-19T22:45:23.646Z] <<< [apiv2][body] GET https://firebase.googleapis.com/v1beta1/projects/bestlinesofbooksproject {"projectId":"bestlinesofbooksproject","projectNumber":"606964088285","displayName":"bestlinesofbooksproject","name":"projects/bestlinesofbooksproject","resources":{"hostingSite":"bestlinesofbooksproject"},"state":"ACTIVE","etag":"1_14251811-ddc2-4c3c-840b-938f9d1a8403"}
[info] 
[info] Your public directory is the folder (relative to your project directory) that
[info] will contain Hosting assets to be uploaded with firebase deploy. If you
[info] have a build process for your assets, use your build's output directory.
[info] 
